d:\documents\university\msc\development project\acw\devproj2019groupa\shapeconquest\shapeconquest\x64\debug\vc141.pdb
d:\documents\university\msc\development project\acw\devproj2019groupa\shapeconquest\shapeconquest\x64\debug\vc141.idb
d:\documents\university\msc\development project\acw\devproj2019groupa\shapeconquest\shapeconquest\x64\debug\scenemanager.obj
d:\documents\university\msc\development project\acw\devproj2019groupa\shapeconquest\shapeconquest\x64\debug\rendertarget.obj
d:\documents\university\msc\development project\acw\devproj2019groupa\shapeconquest\shapeconquest\x64\debug\renderer.obj
d:\documents\university\msc\development project\acw\devproj2019groupa\shapeconquest\shapeconquest\x64\debug\powerup.obj
d:\documents\university\msc\development project\acw\devproj2019groupa\shapeconquest\shapeconquest\x64\debug\player.obj
d:\documents\university\msc\development project\acw\devproj2019groupa\shapeconquest\shapeconquest\x64\debug\moveableobject.obj
d:\documents\university\msc\development project\acw\devproj2019groupa\shapeconquest\shapeconquest\x64\debug\main.obj
d:\documents\university\msc\development project\acw\devproj2019groupa\shapeconquest\shapeconquest\x64\debug\inputmanager.obj
d:\documents\university\msc\development project\acw\devproj2019groupa\shapeconquest\shapeconquest\x64\debug\graphics.obj
d:\documents\university\msc\development project\acw\devproj2019groupa\shapeconquest\shapeconquest\x64\debug\geometry.obj
d:\documents\university\msc\development project\acw\devproj2019groupa\shapeconquest\shapeconquest\x64\debug\gamewindow.obj
d:\documents\university\msc\development project\acw\devproj2019groupa\shapeconquest\shapeconquest\x64\debug\gameobject.obj
d:\documents\university\msc\development project\acw\devproj2019groupa\shapeconquest\shapeconquest\x64\debug\depthstencil.obj
d:\documents\university\msc\development project\acw\devproj2019groupa\shapeconquest\shapeconquest\x64\debug\depthstate.obj
d:\documents\university\msc\development project\acw\devproj2019groupa\shapeconquest\shapeconquest\x64\debug\collidableobject.obj
d:\documents\university\msc\development project\acw\devproj2019groupa\shapeconquest\shapeconquest\x64\debug\camera.obj
d:\documents\university\msc\development project\acw\devproj2019groupa\shapeconquest\shapeconquest\x64\debug\blendstate.obj
d:\documents\university\msc\development project\acw\devproj2019groupa\shapeconquest\shapeconquest\x64\debug\basescene.obj
d:\documents\university\msc\development project\acw\devproj2019groupa\shapeconquest\shapeconquest\x64\debug\assetfactory.obj
d:\documents\university\msc\development project\acw\devproj2019groupa\shapeconquest\shapeconquest\x64\debug\ai.obj
d:\documents\university\msc\development project\acw\devproj2019groupa\shapeconquest\shapeconquest\x64\debug\xinputgamepad.obj
d:\documents\university\msc\development project\acw\devproj2019groupa\shapeconquest\shapeconquest\x64\debug\texture.obj
d:\documents\university\msc\development project\acw\devproj2019groupa\shapeconquest\shapeconquest\x64\debug\standardgamescene.obj
d:\documents\university\msc\development project\acw\devproj2019groupa\shapeconquest\shapeconquest\x64\debug\shader.obj
d:\documents\university\msc\development project\acw\devproj2019groupa\shapeconquest\x64\debug\defaultps.cso
d:\documents\university\msc\development project\acw\devproj2019groupa\shapeconquest\x64\debug\defaultvs.cso
d:\documents\university\msc\development project\acw\devproj2019groupa\shapeconquest\x64\debug\shapeconquest.exe
d:\documents\university\msc\development project\acw\devproj2019groupa\shapeconquest\x64\debug\shapeconquest.ilk
d:\documents\university\msc\development project\acw\devproj2019groupa\shapeconquest\x64\debug\shapeconquest.pdb
d:\documents\university\msc\development project\acw\devproj2019groupa\shapeconquest\shapeconquest\x64\debug\shapeconquest.res
d:\documents\university\msc\development project\acw\devproj2019groupa\shapeconquest\shapeconquest\x64\debug\shapeconquest.tlog\cl.command.1.tlog
d:\documents\university\msc\development project\acw\devproj2019groupa\shapeconquest\shapeconquest\x64\debug\shapeconquest.tlog\cl.read.1.tlog
d:\documents\university\msc\development project\acw\devproj2019groupa\shapeconquest\shapeconquest\x64\debug\shapeconquest.tlog\cl.write.1.tlog
d:\documents\university\msc\development project\acw\devproj2019groupa\shapeconquest\shapeconquest\x64\debug\shapeconquest.tlog\fxc.command.1.tlog
d:\documents\university\msc\development project\acw\devproj2019groupa\shapeconquest\shapeconquest\x64\debug\shapeconquest.tlog\fxc.read.1.tlog
d:\documents\university\msc\development project\acw\devproj2019groupa\shapeconquest\shapeconquest\x64\debug\shapeconquest.tlog\fxc.write.1.tlog
d:\documents\university\msc\development project\acw\devproj2019groupa\shapeconquest\shapeconquest\x64\debug\shapeconquest.tlog\link.command.1.tlog
d:\documents\university\msc\development project\acw\devproj2019groupa\shapeconquest\shapeconquest\x64\debug\shapeconquest.tlog\link.read.1.tlog
d:\documents\university\msc\development project\acw\devproj2019groupa\shapeconquest\shapeconquest\x64\debug\shapeconquest.tlog\link.write.1.tlog
d:\documents\university\msc\development project\acw\devproj2019groupa\shapeconquest\shapeconquest\x64\debug\shapeconquest.tlog\rc.command.1.tlog
d:\documents\university\msc\development project\acw\devproj2019groupa\shapeconquest\shapeconquest\x64\debug\shapeconquest.tlog\rc.read.1.tlog
d:\documents\university\msc\development project\acw\devproj2019groupa\shapeconquest\shapeconquest\x64\debug\shapeconquest.tlog\rc.write.1.tlog
